<?xml version="1.0" ?>
<testsuites disabled="0" errors="0" failures="0" tests="1" time="0.0">
	<testsuite disabled="0" errors="0" failures="0" name="riscv_pmp_basic_test" skipped="0" tests="1" time="0">
		<testcase name="riscv_pmp_basic_test.1">
			<system-out>
riscv_pmp_basic_test.1
----------------------
binary:          test.bin
rtl_log:         rtl_sim_stdstreams.log
rtl_trace:       trace_core_00000000.log
iss_cosim_trace: spike_cosim_trace_core_00000000.log

[PASSED]
</system-out>
		</testcase>
	</testsuite>
</testsuites>
