<?xml version="1.0" ?>
<testsuites disabled="0" errors="0" failures="5" tests="23" time="0.0">
	<testsuite disabled="0" errors="0" failures="0" name="riscv_arithmetic_basic_test" skipped="0" tests="1" time="0">
		<testcase name="riscv_arithmetic_basic_test">
			<system-out>
riscv_arithmetic_basic_test.1
-----------------------------
binary:          test.bin
rtl_log:         rtl_sim_stdstreams.log
rtl_trace:       trace_core_00000000.log
iss_cosim_trace: spike_cosim_trace_core_00000000.log

[PASSED]

</system-out>
		</testcase>
	</testsuite>
	<testsuite disabled="0" errors="0" failures="0" name="riscv_rand_instr_test" skipped="0" tests="1" time="0">
		<testcase name="riscv_rand_instr_test">
			<system-out>
riscv_rand_instr_test.1
-----------------------
binary:          test.bin
rtl_log:         rtl_sim_stdstreams.log
rtl_trace:       trace_core_00000000.log
iss_cosim_trace: spike_cosim_trace_core_00000000.log

[PASSED]

</system-out>
		</testcase>
	</testsuite>
	<testsuite disabled="0" errors="0" failures="0" name="riscv_jump_stress_test" skipped="0" tests="1" time="0">
		<testcase name="riscv_jump_stress_test">
			<system-out>
riscv_jump_stress_test.1
------------------------
binary:          test.bin
rtl_log:         rtl_sim_stdstreams.log
rtl_trace:       trace_core_00000000.log
iss_cosim_trace: spike_cosim_trace_core_00000000.log

[PASSED]

</system-out>
		</testcase>
	</testsuite>
	<testsuite disabled="0" errors="0" failures="0" name="riscv_mmu_stress_test" skipped="0" tests="1" time="0">
		<testcase name="riscv_mmu_stress_test">
			<system-out>
riscv_mmu_stress_test.1
-----------------------
binary:          test.bin
rtl_log:         rtl_sim_stdstreams.log
rtl_trace:       trace_core_00000000.log
iss_cosim_trace: spike_cosim_trace_core_00000000.log

[PASSED]

</system-out>
		</testcase>
	</testsuite>
	<testsuite disabled="0" errors="0" failures="0" name="riscv_csr_test" skipped="0" tests="1" time="0">
		<testcase name="riscv_csr_test">
			<system-out>
riscv_csr_test.1
----------------
binary:          test.bin
rtl_log:         rtl_sim_stdstreams.log
rtl_trace:       trace_core_00000000.log
iss_cosim_trace: spike_cosim_trace_core_00000000.log

[PASSED]

</system-out>
		</testcase>
	</testsuite>
	<testsuite disabled="0" errors="0" failures="0" name="riscv_mem_intg_error_test" skipped="0" tests="1" time="0">
		<testcase name="riscv_mem_intg_error_test">
			<system-out>
riscv_mem_intg_error_test.1
---------------------------
binary:          test.bin
rtl_log:         rtl_sim_stdstreams.log
rtl_trace:       trace_core_00000000.log
iss_cosim_trace: spike_cosim_trace_core_00000000.log

[PASSED]

</system-out>
		</testcase>
	</testsuite>
	<testsuite disabled="0" errors="0" failures="0" name="riscv_rf_intg_test" skipped="0" tests="1" time="0">
		<testcase name="riscv_rf_intg_test">
			<system-out>
riscv_rf_intg_test.1
--------------------
binary:          test.bin
rtl_log:         rtl_sim_stdstreams.log
rtl_trace:       trace_core_00000000.log
iss_cosim_trace: spike_cosim_trace_core_00000000.log

[PASSED]

</system-out>
		</testcase>
	</testsuite>
	<testsuite disabled="0" errors="0" failures="0" name="riscv_rf_addr_intg_test" skipped="0" tests="1" time="0">
		<testcase name="riscv_rf_addr_intg_test">
			<system-out>
riscv_rf_addr_intg_test.1
-------------------------
binary:          test.bin
rtl_log:         rtl_sim_stdstreams.log
rtl_trace:       trace_core_00000000.log
iss_cosim_trace: spike_cosim_trace_core_00000000.log

[PASSED]

</system-out>
		</testcase>
	</testsuite>
	<testsuite disabled="0" errors="0" failures="0" name="riscv_pmp_basic_test" skipped="0" tests="1" time="0">
		<testcase name="riscv_pmp_basic_test">
			<system-out>
riscv_pmp_basic_test.1
----------------------
binary:          test.bin
rtl_log:         rtl_sim_stdstreams.log
rtl_trace:       trace_core_00000000.log
iss_cosim_trace: spike_cosim_trace_core_00000000.log

[PASSED]

</system-out>
		</testcase>
	</testsuite>
	<testsuite disabled="0" errors="0" failures="0" name="riscv_pmp_disable_all_regions_test" skipped="0" tests="1" time="0">
		<testcase name="riscv_pmp_disable_all_regions_test">
			<system-out>
riscv_pmp_disable_all_regions_test.1
------------------------------------
binary:          test.bin
rtl_log:         rtl_sim_stdstreams.log
rtl_trace:       trace_core_00000000.log
iss_cosim_trace: spike_cosim_trace_core_00000000.log

[PASSED]

</system-out>
		</testcase>
	</testsuite>
	<testsuite disabled="0" errors="0" failures="0" name="riscv_pmp_out_of_bounds_test" skipped="0" tests="1" time="0">
		<testcase name="riscv_pmp_out_of_bounds_test">
			<system-out>
riscv_pmp_out_of_bounds_test.1
------------------------------
binary:          test.bin
rtl_log:         rtl_sim_stdstreams.log
rtl_trace:       trace_core_00000000.log
iss_cosim_trace: spike_cosim_trace_core_00000000.log

[PASSED]

</system-out>
		</testcase>
	</testsuite>
	<testsuite disabled="0" errors="0" failures="0" name="riscv_pmp_full_random_test" skipped="0" tests="1" time="0">
		<testcase name="riscv_pmp_full_random_test">
			<system-out>
riscv_pmp_full_random_test.1
----------------------------
binary:          test.bin
rtl_log:         rtl_sim_stdstreams.log
rtl_trace:       trace_core_00000000.log
iss_cosim_trace: spike_cosim_trace_core_00000000.log

[PASSED]

</system-out>
		</testcase>
	</testsuite>
	<testsuite disabled="0" errors="0" failures="0" name="riscv_pmp_region_exec_test" skipped="0" tests="1" time="0">
		<testcase name="riscv_pmp_region_exec_test">
			<system-out>
riscv_pmp_region_exec_test.1
----------------------------
binary:          test.bin
rtl_log:         rtl_sim_stdstreams.log
rtl_trace:       trace_core_00000000.log
iss_cosim_trace: spike_cosim_trace_core_00000000.log

[PASSED]

</system-out>
		</testcase>
	</testsuite>
	<testsuite disabled="0" errors="0" failures="0" name="riscv_epmp_mml_test" skipped="0" tests="1" time="0">
		<testcase name="riscv_epmp_mml_test">
			<system-out>
riscv_epmp_mml_test.1
---------------------
binary:          test.bin
rtl_log:         rtl_sim_stdstreams.log
rtl_trace:       trace_core_00000000.log
iss_cosim_trace: spike_cosim_trace_core_00000000.log

[PASSED]

</system-out>
		</testcase>
	</testsuite>
	<testsuite disabled="0" errors="0" failures="0" name="riscv_epmp_mml_execute_only_test" skipped="0" tests="1" time="0">
		<testcase name="riscv_epmp_mml_execute_only_test">
			<system-out>
riscv_epmp_mml_execute_only_test.1
----------------------------------
binary:          test.bin
rtl_log:         rtl_sim_stdstreams.log
rtl_trace:       trace_core_00000000.log
iss_cosim_trace: spike_cosim_trace_core_00000000.log

[PASSED]

</system-out>
		</testcase>
	</testsuite>
	<testsuite disabled="0" errors="0" failures="0" name="riscv_epmp_mml_read_only_test" skipped="0" tests="1" time="0">
		<testcase name="riscv_epmp_mml_read_only_test">
			<system-out>
riscv_epmp_mml_read_only_test.1
-------------------------------
binary:          test.bin
rtl_log:         rtl_sim_stdstreams.log
rtl_trace:       trace_core_00000000.log
iss_cosim_trace: spike_cosim_trace_core_00000000.log

[PASSED]

</system-out>
		</testcase>
	</testsuite>
	<testsuite disabled="0" errors="0" failures="0" name="riscv_epmp_mmwp_test" skipped="0" tests="1" time="0">
		<testcase name="riscv_epmp_mmwp_test">
			<system-out>
riscv_epmp_mmwp_test.1
----------------------
binary:          test.bin
rtl_log:         rtl_sim_stdstreams.log
rtl_trace:       trace_core_00000000.log
iss_cosim_trace: spike_cosim_trace_core_00000000.log

[PASSED]

</system-out>
		</testcase>
	</testsuite>
	<testsuite disabled="0" errors="0" failures="0" name="riscv_epmp_rlb_test" skipped="0" tests="1" time="0">
		<testcase name="riscv_epmp_rlb_test">
			<system-out>
riscv_epmp_rlb_test.1
---------------------
binary:          test.bin
rtl_log:         rtl_sim_stdstreams.log
rtl_trace:       trace_core_00000000.log
iss_cosim_trace: spike_cosim_trace_core_00000000.log

[PASSED]

</system-out>
		</testcase>
	</testsuite>
	<testsuite disabled="0" errors="0" failures="1" name="riscv_illegal_instr_test" skipped="0" tests="1" time="0">
		<testcase name="riscv_illegal_instr_test">
			<failure type="failure">
riscv_illegal_instr_test.1
--------------------------
binary:          test.bin
rtl_log:         rtl_sim_stdstreams.log
rtl_trace:       trace_core_00000000.log
iss_cosim_trace: spike_cosim_trace_core_00000000.log

[FAILED]: error seen in 'rtl_sim_stdstreams.log'
---------------*LOG-EXTRACT*----------------
    70: 30821400: Illegal instruction (hart 0) at PC 0x800051ce: 0x59ad92f3
    71: 35461400: Illegal instruction (hart 0) at PC 0x800053aa: 0x00009f6d
    72: 35463400: Illegal instruction (hart 0) at PC 0x800053aa: 0x00009f6d
    73: &quot;/home/dungpc/projects/cpu_fx1/ibex/rtl/ibex_top.sv&quot;, 1386: core_ibex_tb_top.dut.u_ibex_top.IbexAlertMajorInternalX: started at 354664350ps failed at 354664350ps
    74: Offending '(!$isunknown(alert_major_internal_o))'
[E] 75: UVM_ERROR /home/dungpc/projects/cpu_fx1/ibex/rtl/ibex_top.sv(1386) @ 35466400: reporter [ASSERT FAILED] IbexAlertMajorInternalX
    76: 
    77: --- RISC-V UVM TEST FAILED ---
    78: 
    79: UVM_INFO /opt/synopsys/vcs/X-2025.06/etc/uvm-1.2/base/uvm_report_catcher.svh(705) @ 35466400: reporter [UVM/REPORT/CATCHER]
--------------------------------------------

</failure>
			<system-out>
riscv_illegal_instr_test.1
--------------------------
binary:          test.bin
rtl_log:         rtl_sim_stdstreams.log
rtl_trace:       trace_core_00000000.log
iss_cosim_trace: spike_cosim_trace_core_00000000.log

[FAILED]: error seen in 'rtl_sim_stdstreams.log'
---------------*LOG-EXTRACT*----------------
    70: 30821400: Illegal instruction (hart 0) at PC 0x800051ce: 0x59ad92f3
    71: 35461400: Illegal instruction (hart 0) at PC 0x800053aa: 0x00009f6d
    72: 35463400: Illegal instruction (hart 0) at PC 0x800053aa: 0x00009f6d
    73: &quot;/home/dungpc/projects/cpu_fx1/ibex/rtl/ibex_top.sv&quot;, 1386: core_ibex_tb_top.dut.u_ibex_top.IbexAlertMajorInternalX: started at 354664350ps failed at 354664350ps
    74: Offending '(!$isunknown(alert_major_internal_o))'
[E] 75: UVM_ERROR /home/dungpc/projects/cpu_fx1/ibex/rtl/ibex_top.sv(1386) @ 35466400: reporter [ASSERT FAILED] IbexAlertMajorInternalX
    76: 
    77: --- RISC-V UVM TEST FAILED ---
    78: 
    79: UVM_INFO /opt/synopsys/vcs/X-2025.06/etc/uvm-1.2/base/uvm_report_catcher.svh(705) @ 35466400: reporter [UVM/REPORT/CATCHER]
--------------------------------------------


</system-out>
		</testcase>
	</testsuite>
	<testsuite disabled="0" errors="0" failures="1" name="riscv_debug_basic_test" skipped="0" tests="1" time="0">
		<testcase name="riscv_debug_basic_test">
			<failure type="failure">
riscv_debug_basic_test.1
------------------------
binary:          test.bin
rtl_log:         rtl_sim_stdstreams.log
rtl_trace:       trace_core_00000000.log
iss_cosim_trace: spike_cosim_trace_core_00000000.log

[FAILED]: error seen in 'rtl_sim_stdstreams.log'
---------------*LOG-EXTRACT*----------------
    31: UVM_INFO /home/dungpc/projects/cpu_fx1/ibex/dv/uvm/core_ibex/common/ibex_mem_intf_agent/ibex_mem_intf_response_seq_lib.sv(44) @ 202400: uvm_test_top.env.instr_if_response_agent.sequencer@@instr_intf_seq [uvm_test_top.env.instr_if_response_agent.sequencer.instr_intf_seq] is_dmem_seq: 0x0
    32: UVM_INFO /home/dungpc/projects/cpu_fx1/ibex/dv/uvm/core_ibex/common/ibex_mem_intf_agent/ibex_mem_intf_response_seq_lib.sv(44) @ 202400: uvm_test_top.env.data_if_response_agent.sequencer@@data_intf_seq [uvm_test_top.env.data_if_response_agent.sequencer.data_intf_seq] is_dmem_seq: 0x1
    33: UVM_INFO /home/dungpc/projects/cpu_fx1/ibex/dv/uvm/core_ibex/tests/core_ibex_new_seq_lib.sv(64) @ 202400: reporter@@fetch_enable_seq_h [fetch_enable_seq_h] Running the &quot;InfiniteRuns&quot; schedule for stimulus generation
    34: core_ibex_tb_top.dut.u_ibex_tracer.unnamed$$_1.unnamed$$_2: Writing execution trace to /home/dungpc/projects/cpu_fx1/ibex/dv/uvm/core_ibex/out_fx1_dev_ra/run/tests/riscv_debug_basic_test.1/trace_core_00000000.log
    35: UVM_INFO /home/dungpc/projects/cpu_fx1/ibex/dv/uvm/core_ibex/tests/core_ibex_seq_lib.sv(46) @ 3466400: reporter@@debug_seq_stress_h [debug_seq_stress_h] Starting sequence...
[E] 36: UVM_FATAL /home/dungpc/projects/cpu_fx1/ibex/dv/uvm/core_ibex/common/ibex_cosim_agent/ibex_cosim_scoreboard.sv(172) @ 227722400: uvm_test_top.env.cosim_agent.scoreboard [uvm_test_top.env.cosim_agent.scoreboard] Cosim mismatch Register write data mismatch to x10 DUT: 0 expected: c
    37: 
    38: 
    39: --- RISC-V UVM TEST FAILED ---
    40: 
--------------------------------------------

</failure>
			<system-out>
riscv_debug_basic_test.1
------------------------
binary:          test.bin
rtl_log:         rtl_sim_stdstreams.log
rtl_trace:       trace_core_00000000.log
iss_cosim_trace: spike_cosim_trace_core_00000000.log

[FAILED]: error seen in 'rtl_sim_stdstreams.log'
---------------*LOG-EXTRACT*----------------
    31: UVM_INFO /home/dungpc/projects/cpu_fx1/ibex/dv/uvm/core_ibex/common/ibex_mem_intf_agent/ibex_mem_intf_response_seq_lib.sv(44) @ 202400: uvm_test_top.env.instr_if_response_agent.sequencer@@instr_intf_seq [uvm_test_top.env.instr_if_response_agent.sequencer.instr_intf_seq] is_dmem_seq: 0x0
    32: UVM_INFO /home/dungpc/projects/cpu_fx1/ibex/dv/uvm/core_ibex/common/ibex_mem_intf_agent/ibex_mem_intf_response_seq_lib.sv(44) @ 202400: uvm_test_top.env.data_if_response_agent.sequencer@@data_intf_seq [uvm_test_top.env.data_if_response_agent.sequencer.data_intf_seq] is_dmem_seq: 0x1
    33: UVM_INFO /home/dungpc/projects/cpu_fx1/ibex/dv/uvm/core_ibex/tests/core_ibex_new_seq_lib.sv(64) @ 202400: reporter@@fetch_enable_seq_h [fetch_enable_seq_h] Running the &quot;InfiniteRuns&quot; schedule for stimulus generation
    34: core_ibex_tb_top.dut.u_ibex_tracer.unnamed$$_1.unnamed$$_2: Writing execution trace to /home/dungpc/projects/cpu_fx1/ibex/dv/uvm/core_ibex/out_fx1_dev_ra/run/tests/riscv_debug_basic_test.1/trace_core_00000000.log
    35: UVM_INFO /home/dungpc/projects/cpu_fx1/ibex/dv/uvm/core_ibex/tests/core_ibex_seq_lib.sv(46) @ 3466400: reporter@@debug_seq_stress_h [debug_seq_stress_h] Starting sequence...
[E] 36: UVM_FATAL /home/dungpc/projects/cpu_fx1/ibex/dv/uvm/core_ibex/common/ibex_cosim_agent/ibex_cosim_scoreboard.sv(172) @ 227722400: uvm_test_top.env.cosim_agent.scoreboard [uvm_test_top.env.cosim_agent.scoreboard] Cosim mismatch Register write data mismatch to x10 DUT: 0 expected: c
    37: 
    38: 
    39: --- RISC-V UVM TEST FAILED ---
    40: 
--------------------------------------------


</system-out>
		</testcase>
	</testsuite>
	<testsuite disabled="0" errors="0" failures="1" name="riscv_debug_triggers_test" skipped="0" tests="1" time="0">
		<testcase name="riscv_debug_triggers_test">
			<failure type="failure">
riscv_debug_triggers_test.1
---------------------------
binary:          test.bin
rtl_log:         rtl_sim_stdstreams.log
rtl_trace:       trace_core_00000000.log
iss_cosim_trace: spike_cosim_trace_core_00000000.log

[FAILED]: error seen in 'rtl_sim_stdstreams.log'
---------------*LOG-EXTRACT*----------------
    88: 193125400: Illegal instruction (hart 0) at PC 0x80004602: 0xa89d5e5b
    89: 197249400: Illegal instruction (hart 0) at PC 0x8000465e: 0x000099dc
    90: 197251400: Illegal instruction (hart 0) at PC 0x8000465e: 0x000099dc
    91: &quot;/home/dungpc/projects/cpu_fx1/ibex/rtl/ibex_top.sv&quot;, 1386: core_ibex_tb_top.dut.u_ibex_top.IbexAlertMajorInternalX: started at 1972544350ps failed at 1972544350ps
    92: Offending '(!$isunknown(alert_major_internal_o))'
[E] 93: UVM_ERROR /home/dungpc/projects/cpu_fx1/ibex/rtl/ibex_top.sv(1386) @ 197254400: reporter [ASSERT FAILED] IbexAlertMajorInternalX
    94: 
    95: --- RISC-V UVM TEST FAILED ---
    96: 
    97: UVM_INFO /opt/synopsys/vcs/X-2025.06/etc/uvm-1.2/base/uvm_report_catcher.svh(705) @ 197254400: reporter [UVM/REPORT/CATCHER]
--------------------------------------------

</failure>
			<system-out>
riscv_debug_triggers_test.1
---------------------------
binary:          test.bin
rtl_log:         rtl_sim_stdstreams.log
rtl_trace:       trace_core_00000000.log
iss_cosim_trace: spike_cosim_trace_core_00000000.log

[FAILED]: error seen in 'rtl_sim_stdstreams.log'
---------------*LOG-EXTRACT*----------------
    88: 193125400: Illegal instruction (hart 0) at PC 0x80004602: 0xa89d5e5b
    89: 197249400: Illegal instruction (hart 0) at PC 0x8000465e: 0x000099dc
    90: 197251400: Illegal instruction (hart 0) at PC 0x8000465e: 0x000099dc
    91: &quot;/home/dungpc/projects/cpu_fx1/ibex/rtl/ibex_top.sv&quot;, 1386: core_ibex_tb_top.dut.u_ibex_top.IbexAlertMajorInternalX: started at 1972544350ps failed at 1972544350ps
    92: Offending '(!$isunknown(alert_major_internal_o))'
[E] 93: UVM_ERROR /home/dungpc/projects/cpu_fx1/ibex/rtl/ibex_top.sv(1386) @ 197254400: reporter [ASSERT FAILED] IbexAlertMajorInternalX
    94: 
    95: --- RISC-V UVM TEST FAILED ---
    96: 
    97: UVM_INFO /opt/synopsys/vcs/X-2025.06/etc/uvm-1.2/base/uvm_report_catcher.svh(705) @ 197254400: reporter [UVM/REPORT/CATCHER]
--------------------------------------------


</system-out>
		</testcase>
	</testsuite>
	<testsuite disabled="0" errors="0" failures="1" name="riscv_mem_error_test" skipped="0" tests="1" time="0">
		<testcase name="riscv_mem_error_test">
			<failure type="failure">
riscv_mem_error_test.1
----------------------
binary:          test.bin
rtl_log:         rtl_sim_stdstreams.log
rtl_trace:       trace_core_00000000.log
iss_cosim_trace: spike_cosim_trace_core_00000000.log

[FAILED]: error seen in 'rtl_sim_stdstreams.log'
---------------*LOG-EXTRACT*----------------
    118: Starting assertion attempts at time 1448704350ps: level = 0 arg = NoAlertsTriggered (from inst core_ibex_tb_top (/home/dungpc/projects/cpu_fx1/ibex/dv/uvm/core_ibex/tb/core_ibex_tb_top.sv:229))
    119: 148301400: Illegal instruction (hart 0) at PC 0x800088f4: 0xf12b3e73
    120: 148303400: Illegal instruction (hart 0) at PC 0x800088f4: 0xf12b3e73
    121: UVM_INFO /home/dungpc/projects/cpu_fx1/ibex/dv/uvm/core_ibex/tb/core_ibex_tb_top.sv(229) @ 152652400: reporter [core_ibex_tb_top.unnamed$$_0] Enabling assertions: core_ibex_tb_top.NoAlertsTriggered
    122: Starting assertion attempts at time 1526524350ps: level = 0 arg = NoAlertsTriggered (from inst core_ibex_tb_top (/home/dungpc/projects/cpu_fx1/ibex/dv/uvm/core_ibex/tb/core_ibex_tb_top.sv:229))
[E] 123: UVM_FATAL /home/dungpc/projects/cpu_fx1/ibex/dv/uvm/core_ibex/common/ibex_cosim_agent/ibex_cosim_scoreboard.sv(172) @ 156596400: uvm_test_top.env.cosim_agent.scoreboard [uvm_test_top.env.cosim_agent.scoreboard] Cosim mismatch Register write data mismatch to x24 DUT: 80 expected: b0
    124: 
    125: 
    126: --- RISC-V UVM TEST FAILED ---
    127: 
--------------------------------------------

</failure>
			<system-out>
riscv_mem_error_test.1
----------------------
binary:          test.bin
rtl_log:         rtl_sim_stdstreams.log
rtl_trace:       trace_core_00000000.log
iss_cosim_trace: spike_cosim_trace_core_00000000.log

[FAILED]: error seen in 'rtl_sim_stdstreams.log'
---------------*LOG-EXTRACT*----------------
    118: Starting assertion attempts at time 1448704350ps: level = 0 arg = NoAlertsTriggered (from inst core_ibex_tb_top (/home/dungpc/projects/cpu_fx1/ibex/dv/uvm/core_ibex/tb/core_ibex_tb_top.sv:229))
    119: 148301400: Illegal instruction (hart 0) at PC 0x800088f4: 0xf12b3e73
    120: 148303400: Illegal instruction (hart 0) at PC 0x800088f4: 0xf12b3e73
    121: UVM_INFO /home/dungpc/projects/cpu_fx1/ibex/dv/uvm/core_ibex/tb/core_ibex_tb_top.sv(229) @ 152652400: reporter [core_ibex_tb_top.unnamed$$_0] Enabling assertions: core_ibex_tb_top.NoAlertsTriggered
    122: Starting assertion attempts at time 1526524350ps: level = 0 arg = NoAlertsTriggered (from inst core_ibex_tb_top (/home/dungpc/projects/cpu_fx1/ibex/dv/uvm/core_ibex/tb/core_ibex_tb_top.sv:229))
[E] 123: UVM_FATAL /home/dungpc/projects/cpu_fx1/ibex/dv/uvm/core_ibex/common/ibex_cosim_agent/ibex_cosim_scoreboard.sv(172) @ 156596400: uvm_test_top.env.cosim_agent.scoreboard [uvm_test_top.env.cosim_agent.scoreboard] Cosim mismatch Register write data mismatch to x24 DUT: 80 expected: b0
    124: 
    125: 
    126: --- RISC-V UVM TEST FAILED ---
    127: 
--------------------------------------------


</system-out>
		</testcase>
	</testsuite>
	<testsuite disabled="0" errors="0" failures="1" name="riscv_pc_intg_test" skipped="0" tests="1" time="0">
		<testcase name="riscv_pc_intg_test">
			<failure type="failure">
riscv_pc_intg_test.1
--------------------
binary:          test.bin
rtl_log:         rtl_sim_stdstreams.log
rtl_trace:       trace_core_00000000.log
iss_cosim_trace: spike_cosim_trace_core_00000000.log

[FAILED]: error seen in 'rtl_sim_stdstreams.log'
---------------*LOG-EXTRACT*----------------
    31: UVM_INFO /home/dungpc/projects/cpu_fx1/ibex/dv/uvm/core_ibex/common/ibex_mem_intf_agent/ibex_mem_intf_response_seq_lib.sv(44) @ 202400: uvm_test_top.env.instr_if_response_agent.sequencer@@instr_intf_seq [uvm_test_top.env.instr_if_response_agent.sequencer.instr_intf_seq] is_dmem_seq: 0x0
    32: UVM_INFO /home/dungpc/projects/cpu_fx1/ibex/dv/uvm/core_ibex/common/ibex_mem_intf_agent/ibex_mem_intf_response_seq_lib.sv(44) @ 202400: uvm_test_top.env.data_if_response_agent.sequencer@@data_intf_seq [uvm_test_top.env.data_if_response_agent.sequencer.data_intf_seq] is_dmem_seq: 0x1
    33: UVM_INFO /home/dungpc/projects/cpu_fx1/ibex/dv/uvm/core_ibex/tests/core_ibex_new_seq_lib.sv(64) @ 202400: reporter@@fetch_enable_seq_h [fetch_enable_seq_h] Running the &quot;InfiniteRuns&quot; schedule for stimulus generation
    34: core_ibex_tb_top.dut.u_ibex_tracer.unnamed$$_1.unnamed$$_2: Writing execution trace to /home/dungpc/projects/cpu_fx1/ibex/dv/uvm/core_ibex/out_fx1_dev_ra/run/tests/riscv_pc_intg_test.1/trace_core_00000000.log
    35: UVM_INFO /home/dungpc/projects/cpu_fx1/ibex/dv/uvm/core_ibex/tests/core_ibex_test_lib.sv(59) @ 1957400: uvm_test_top [uvm_test_top] Forcing core_ibex_tb_top.dut.u_ibex_top.u_ibex_core.if_stage_i.pc_if_o to value 'h82000248
[E] 36: UVM_FATAL /home/dungpc/projects/cpu_fx1/ibex/dv/uvm/core_ibex/tests/core_ibex_test_lib.sv(65) @ 1957400: reporter [uvm_test_top] Check failed (!$isunknown(exp_alert))
    37: 
    38: --- RISC-V UVM TEST FAILED ---
    39: 
    40: UVM_INFO /opt/synopsys/vcs/X-2025.06/etc/uvm-1.2/base/uvm_report_catcher.svh(705) @ 1957400: reporter [UVM/REPORT/CATCHER]
--------------------------------------------

</failure>
			<system-out>
riscv_pc_intg_test.1
--------------------
binary:          test.bin
rtl_log:         rtl_sim_stdstreams.log
rtl_trace:       trace_core_00000000.log
iss_cosim_trace: spike_cosim_trace_core_00000000.log

[FAILED]: error seen in 'rtl_sim_stdstreams.log'
---------------*LOG-EXTRACT*----------------
    31: UVM_INFO /home/dungpc/projects/cpu_fx1/ibex/dv/uvm/core_ibex/common/ibex_mem_intf_agent/ibex_mem_intf_response_seq_lib.sv(44) @ 202400: uvm_test_top.env.instr_if_response_agent.sequencer@@instr_intf_seq [uvm_test_top.env.instr_if_response_agent.sequencer.instr_intf_seq] is_dmem_seq: 0x0
    32: UVM_INFO /home/dungpc/projects/cpu_fx1/ibex/dv/uvm/core_ibex/common/ibex_mem_intf_agent/ibex_mem_intf_response_seq_lib.sv(44) @ 202400: uvm_test_top.env.data_if_response_agent.sequencer@@data_intf_seq [uvm_test_top.env.data_if_response_agent.sequencer.data_intf_seq] is_dmem_seq: 0x1
    33: UVM_INFO /home/dungpc/projects/cpu_fx1/ibex/dv/uvm/core_ibex/tests/core_ibex_new_seq_lib.sv(64) @ 202400: reporter@@fetch_enable_seq_h [fetch_enable_seq_h] Running the &quot;InfiniteRuns&quot; schedule for stimulus generation
    34: core_ibex_tb_top.dut.u_ibex_tracer.unnamed$$_1.unnamed$$_2: Writing execution trace to /home/dungpc/projects/cpu_fx1/ibex/dv/uvm/core_ibex/out_fx1_dev_ra/run/tests/riscv_pc_intg_test.1/trace_core_00000000.log
    35: UVM_INFO /home/dungpc/projects/cpu_fx1/ibex/dv/uvm/core_ibex/tests/core_ibex_test_lib.sv(59) @ 1957400: uvm_test_top [uvm_test_top] Forcing core_ibex_tb_top.dut.u_ibex_top.u_ibex_core.if_stage_i.pc_if_o to value 'h82000248
[E] 36: UVM_FATAL /home/dungpc/projects/cpu_fx1/ibex/dv/uvm/core_ibex/tests/core_ibex_test_lib.sv(65) @ 1957400: reporter [uvm_test_top] Check failed (!$isunknown(exp_alert))
    37: 
    38: --- RISC-V UVM TEST FAILED ---
    39: 
    40: UVM_INFO /opt/synopsys/vcs/X-2025.06/etc/uvm-1.2/base/uvm_report_catcher.svh(705) @ 1957400: reporter [UVM/REPORT/CATCHER]
--------------------------------------------


</system-out>
		</testcase>
	</testsuite>
</testsuites>
