<?xml version="1.0" ?>
<testsuites disabled="0" errors="0" failures="0" tests="6" time="0.0">
	<testsuite disabled="0" errors="0" failures="0" name="riscv_arithmetic_basic_test" skipped="0" tests="1" time="0">
		<testcase name="riscv_arithmetic_basic_test">
			<system-out>
riscv_arithmetic_basic_test.1
-----------------------------
binary:          test.bin
rtl_log:         rtl_sim_stdstreams.log
rtl_trace:       trace_core_00000000.log
iss_cosim_trace: spike_cosim_trace_core_00000000.log

[PASSED]

</system-out>
		</testcase>
	</testsuite>
	<testsuite disabled="0" errors="0" failures="0" name="riscv_rand_instr_test" skipped="0" tests="1" time="0">
		<testcase name="riscv_rand_instr_test">
			<system-out>
riscv_rand_instr_test.1
-----------------------
binary:          test.bin
rtl_log:         rtl_sim_stdstreams.log
rtl_trace:       trace_core_00000000.log
iss_cosim_trace: spike_cosim_trace_core_00000000.log

[PASSED]

</system-out>
		</testcase>
	</testsuite>
	<testsuite disabled="0" errors="0" failures="0" name="riscv_mem_intg_error_test" skipped="0" tests="1" time="0">
		<testcase name="riscv_mem_intg_error_test">
			<system-out>
riscv_mem_intg_error_test.1
---------------------------
binary:          test.bin
rtl_log:         rtl_sim_stdstreams.log
rtl_trace:       trace_core_00000000.log
iss_cosim_trace: spike_cosim_trace_core_00000000.log

[PASSED]

</system-out>
		</testcase>
	</testsuite>
	<testsuite disabled="0" errors="0" failures="0" name="riscv_pc_intg_test" skipped="0" tests="1" time="0">
		<testcase name="riscv_pc_intg_test">
			<system-out>
riscv_pc_intg_test.1
--------------------
binary:          test.bin
rtl_log:         rtl_sim_stdstreams.log
rtl_trace:       trace_core_00000000.log
iss_cosim_trace: spike_cosim_trace_core_00000000.log

[PASSED]

</system-out>
		</testcase>
	</testsuite>
	<testsuite disabled="0" errors="0" failures="0" name="riscv_rf_intg_test" skipped="0" tests="1" time="0">
		<testcase name="riscv_rf_intg_test">
			<system-out>
riscv_rf_intg_test.1
--------------------
binary:          test.bin
rtl_log:         rtl_sim_stdstreams.log
rtl_trace:       trace_core_00000000.log
iss_cosim_trace: spike_cosim_trace_core_00000000.log

[PASSED]

</system-out>
		</testcase>
	</testsuite>
	<testsuite disabled="0" errors="0" failures="0" name="riscv_icache_intg_test" skipped="0" tests="1" time="0">
		<testcase name="riscv_icache_intg_test">
			<system-out>
riscv_icache_intg_test.1
------------------------
binary:          test.bin
rtl_log:         rtl_sim_stdstreams.log
rtl_trace:       trace_core_00000000.log
iss_cosim_trace: spike_cosim_trace_core_00000000.log

[PASSED]

</system-out>
		</testcase>
	</testsuite>
</testsuites>
